<?xml version="1.0" encoding="UTF-8"?>
<!-- Generated by org.testng.reporters.JUnitReportReporter -->
<testsuite hostname="PGPL-14" failures="0" tests="1" name="com.crm.orangehrm.framework.kpis" time="25.108" errors="0" timestamp="2023-06-21T17:59:10 IST" skipped="0">
  <testcase classname="com.crm.orangehrm.framework.kpis" name="kp" time="25.108"/>
  <system-out/>
</testsuite> <!-- com.crm.orangehrm.framework.kpis -->
