<?xml version="1.0" encoding="UTF-8"?>
<!-- Generated by org.testng.reporters.JUnitReportReporter -->
<testsuite hostname="PGPL-14" failures="0" tests="1" name="com.crm.orangehrm.framework.tracker" time="16.631" errors="0" timestamp="2023-06-22T18:37:45 IST" skipped="0">
  <testcase classname="com.crm.orangehrm.framework.tracker" name="track" time="16.631"/>
  <system-out/>
</testsuite> <!-- com.crm.orangehrm.framework.tracker -->
